2023-10-06 23:10:41,507.FinalProject.INFO ==================================================
2023-10-06 23:10:41,507.FinalProject.INFO Today is 2023-10-06 at 11:10 PM
2023-10-06 23:10:41,507.FinalProject.INFO Running on: nt Windows 10
2023-10-06 23:10:41,507.FinalProject.INFO Python version:  3.10.9
2023-10-06 23:10:41,507.FinalProject.INFO Python path: C:\Users\rp150\rp-venv\44671_StreamingData\Module7\streaming-07-final-project\.venv
2023-10-06 23:10:41,507.FinalProject.INFO Working dir: C:\Users\rp150\rp-venv\44671_StreamingData\Module7\streaming-07-final-project
2023-10-06 23:10:41,507.FinalProject.INFO ==================================================
2023-10-06 23:10:43,638.FinalProject.INFO Reading messages from FinalProjectData.csv...
2023-10-06 23:10:43,638.FinalProject.INFO --- To close the program please select CTRL + c on your keyboard. ---
2023-10-06 23:10:43,638.FinalProject.INFO Prepared binary message b'[305943,A]'....
2023-10-06 23:10:43,653.FinalProject.INFO Prepared binary message b'[305943,4.00]'....
2023-10-06 23:10:48,664.FinalProject.INFO Prepared binary message b'[478235,A]'....
2023-10-06 23:10:48,680.FinalProject.INFO Prepared binary message b'[478235,4.00]'....
2023-10-06 23:10:53,699.FinalProject.INFO Prepared binary message b'[478235,B]'....
2023-10-06 23:10:53,699.FinalProject.INFO Prepared binary message b'[478235,3.00]'....
2023-10-06 23:10:58,715.FinalProject.INFO Prepared binary message b'[478235,A]'....
2023-10-06 23:10:58,746.FinalProject.INFO Prepared binary message b'[478235,4.00]'....
2023-10-06 23:11:03,771.FinalProject.INFO Prepared binary message b'[478235,A]'....
2023-10-06 23:11:03,771.FinalProject.INFO Prepared binary message b'[478235,4.00]'....
2023-10-06 23:11:08,792.FinalProject.INFO Prepared binary message b'[480654,A]'....
2023-10-06 23:11:08,802.FinalProject.INFO Prepared binary message b'[480654,4.00]'....
2023-10-06 23:11:13,820.FinalProject.INFO Prepared binary message b'[480654,A]'....
2023-10-06 23:11:13,842.FinalProject.INFO Prepared binary message b'[480654,4.00]'....
2023-10-06 23:11:18,885.FinalProject.INFO Prepared binary message b'[480654,A]'....
2023-10-06 23:11:18,916.FinalProject.INFO Prepared binary message b'[480654,4.00]'....
2023-10-06 23:11:23,955.FinalProject.INFO Prepared binary message b'[480654,A]'....
2023-10-06 23:11:23,986.FinalProject.INFO Prepared binary message b'[480654,4.00]'....
2023-10-06 23:11:29,011.FinalProject.INFO Prepared binary message b'[480654,A]'....
2023-10-06 23:11:29,021.FinalProject.INFO Prepared binary message b'[480654,4.00]'....
2023-10-06 23:11:34,034.FinalProject.INFO Prepared binary message b'[480966,A-]'....
2023-10-06 23:11:34,065.FinalProject.INFO Prepared binary message b'[480966,3.70]'....
2023-10-06 23:11:39,095.FinalProject.INFO Prepared binary message b'[480966,A]'....
2023-10-06 23:11:39,126.FinalProject.INFO Prepared binary message b'[480966,4.00]'....
2023-10-06 23:11:44,161.FinalProject.INFO Prepared binary message b'[480966,A]'....
2023-10-06 23:11:44,192.FinalProject.INFO Prepared binary message b'[480966,4.00]'....
2023-10-06 23:11:49,216.FinalProject.INFO Prepared binary message b'[480966,A-]'....
2023-10-06 23:11:49,226.FinalProject.INFO Prepared binary message b'[480966,3.70]'....
2023-10-06 23:11:54,241.FinalProject.INFO Prepared binary message b'[480966,A]'....
2023-10-06 23:11:54,256.FinalProject.INFO Prepared binary message b'[480966,4.00]'....
2023-10-06 23:11:59,299.FinalProject.INFO Prepared binary message b'[480966,A]'....
2023-10-06 23:11:59,321.FinalProject.INFO Prepared binary message b'[480966,4.00]'....
2023-10-06 23:12:04,380.FinalProject.INFO Prepared binary message b'[480966,A]'....
2023-10-06 23:12:04,396.FinalProject.INFO Prepared binary message b'[480966,4.00]'....
2023-10-06 23:12:09,435.FinalProject.INFO Prepared binary message b'[480966,A]'....
2023-10-06 23:12:09,447.FinalProject.INFO Prepared binary message b'[480966,4.00]'....
2023-10-06 23:12:14,467.FinalProject.INFO Prepared binary message b'[480966,A]'....
2023-10-06 23:12:14,467.FinalProject.INFO Prepared binary message b'[480966,4.00]'....
2023-10-06 23:12:19,485.FinalProject.INFO Prepared binary message b'[480966,A]'....
2023-10-06 23:12:19,485.FinalProject.INFO Prepared binary message b'[480966,4.00]'....
2023-10-06 23:12:24,524.FinalProject.INFO Prepared binary message b'[480966,A]'....
2023-10-06 23:12:24,561.FinalProject.INFO Prepared binary message b'[480966,4.00]'....
2023-10-06 23:12:29,589.FinalProject.INFO Prepared binary message b'[481789,D]'....
2023-10-06 23:12:29,627.FinalProject.INFO Prepared binary message b'[481789,1.00]'....
2023-10-06 23:12:34,646.FinalProject.INFO Prepared binary message b'[481789,A]'....
2023-10-06 23:12:34,658.FinalProject.INFO Prepared binary message b'[481789,4.00]'....
2023-10-06 23:12:39,678.FinalProject.INFO Prepared binary message b'[481789,C+]'....
2023-10-06 23:12:39,710.FinalProject.INFO Prepared binary message b'[481789,2.30]'....
2023-10-06 23:12:44,748.FinalProject.INFO Prepared binary message b'[481789,B]'....
2023-10-06 23:12:44,771.FinalProject.INFO Prepared binary message b'[481789,3.00]'....
2023-10-06 23:12:49,814.FinalProject.INFO Prepared binary message b'[481789,C+]'....
2023-10-06 23:12:49,848.FinalProject.INFO Prepared binary message b'[481789,2.30]'....
2023-10-06 23:12:54,888.FinalProject.INFO Prepared binary message b'[481789,A]'....
2023-10-06 23:12:54,898.FinalProject.INFO Prepared binary message b'[481789,4.00]'....
2023-10-06 23:12:59,909.FinalProject.INFO Prepared binary message b'[481789,B-]'....
2023-10-06 23:12:59,921.FinalProject.INFO Prepared binary message b'[481789,2.70]'....
2023-10-06 23:13:04,946.FinalProject.INFO Prepared binary message b'[481789,B+]'....
2023-10-06 23:13:05,062.FinalProject.INFO Prepared binary message b'[481789,3.30]'....
2023-10-06 23:13:10,078.FinalProject.INFO Prepared binary message b'[481789,A]'....
2023-10-06 23:13:10,105.FinalProject.INFO Prepared binary message b'[481789,4.00]'....
2023-10-06 23:13:15,153.FinalProject.INFO Prepared binary message b'[481789,A]'....
2023-10-06 23:13:15,169.FinalProject.INFO Prepared binary message b'[481789,4.00]'....
2023-10-06 23:13:20,207.FinalProject.INFO Prepared binary message b'[481789,B-]'....
2023-10-06 23:13:20,221.FinalProject.INFO Prepared binary message b'[481789,2.70]'....
2023-10-06 23:13:25,244.FinalProject.INFO Prepared binary message b'[481789,B]'....
2023-10-06 23:13:25,269.FinalProject.INFO Prepared binary message b'[481789,3.00]'....
2023-10-06 23:13:30,279.FinalProject.INFO Prepared binary message b'[481789,D]'....
2023-10-06 23:13:30,291.FinalProject.INFO Prepared binary message b'[481789,1.00]'....
2023-10-06 23:13:35,309.FinalProject.INFO Prepared binary message b'[481886,A]'....
2023-10-06 23:13:35,319.FinalProject.INFO Prepared binary message b'[481886,4.00]'....
2023-10-06 23:13:40,348.FinalProject.INFO Prepared binary message b'[481907,A-]'....
2023-10-06 23:13:40,358.FinalProject.INFO Prepared binary message b'[481907,3.70]'....
2023-10-06 23:13:45,388.FinalProject.INFO Prepared binary message b'[482177,B-]'....
2023-10-06 23:13:45,398.FinalProject.INFO Prepared binary message b'[482177,2.70]'....
2023-10-06 23:13:50,414.FinalProject.INFO Prepared binary message b'[482178,F]'....
2023-10-06 23:13:50,435.FinalProject.INFO Prepared binary message b'[482178,0.00]'....
2023-10-06 23:13:55,450.FinalProject.INFO Prepared binary message b'[482207,A]'....
2023-10-06 23:13:55,481.FinalProject.INFO Prepared binary message b'[482207,4.00]'....
2023-10-06 23:14:00,498.FinalProject.INFO Prepared binary message b'[482272,F]'....
2023-10-06 23:14:00,529.FinalProject.INFO Prepared binary message b'[482272,0.00]'....
2023-10-06 23:14:05,547.FinalProject.INFO Prepared binary message b'[482277,A]'....
2023-10-06 23:14:05,557.FinalProject.INFO Prepared binary message b'[482277,4.00]'....
2023-10-06 23:14:10,562.FinalProject.INFO Prepared binary message b'[482308,A]'....
2023-10-06 23:14:10,580.FinalProject.INFO Prepared binary message b'[482308,4.00]'....
2023-10-06 23:14:15,608.FinalProject.INFO Prepared binary message b'[482365,A-]'....
2023-10-06 23:14:15,623.FinalProject.INFO Prepared binary message b'[482365,3.70]'....
2023-10-06 23:14:20,650.FinalProject.INFO Prepared binary message b'[482397,B]'....
2023-10-06 23:14:20,685.FinalProject.INFO Prepared binary message b'[482397,3.00]'....
2023-10-06 23:14:25,715.FinalProject.INFO Prepared binary message b'[482447,A]'....
2023-10-06 23:14:25,720.FinalProject.INFO Prepared binary message b'[482447,4.00]'....
2023-10-06 23:14:30,738.FinalProject.INFO Prepared binary message b'[482454,A-]'....
2023-10-06 23:14:30,750.FinalProject.INFO Prepared binary message b'[482454,3.70]'....
2023-10-06 23:14:35,766.FinalProject.INFO Prepared binary message b'[1620832,B+]'....
2023-10-06 23:14:35,775.FinalProject.INFO Prepared binary message b'[1620832,3.30]'....
2023-10-06 23:14:40,799.FinalProject.INFO Prepared binary message b'[1620832,A]'....
2023-10-06 23:14:40,830.FinalProject.INFO Prepared binary message b'[1620832,4.00]'....
2023-10-06 23:14:45,859.FinalProject.INFO Prepared binary message b'[1620832,A-]'....
2023-10-06 23:14:45,869.FinalProject.INFO Prepared binary message b'[1620832,3.70]'....
2023-10-06 23:14:50,897.FinalProject.INFO Prepared binary message b'[1620832,A]'....
2023-10-06 23:14:50,902.FinalProject.INFO Prepared binary message b'[1620832,4.00]'....
2023-10-06 23:14:55,933.FinalProject.INFO Prepared binary message b'[1620832,B]'....
2023-10-06 23:14:55,934.FinalProject.INFO Prepared binary message b'[1620832,3.00]'....
2023-10-06 23:15:00,958.FinalProject.INFO Prepared binary message b'[1620832,A]'....
2023-10-06 23:15:00,971.FinalProject.INFO Prepared binary message b'[1620832,4.00]'....
2023-10-06 23:15:05,997.FinalProject.INFO Prepared binary message b'[1699840,B+]'....
2023-10-06 23:15:06,032.FinalProject.INFO Prepared binary message b'[1699840,3.30]'....
2023-10-06 23:15:11,063.FinalProject.INFO Prepared binary message b'[1699840,A]'....
2023-10-06 23:15:11,078.FinalProject.INFO Prepared binary message b'[1699840,4.00]'....
2023-10-06 23:15:16,095.FinalProject.INFO Prepared binary message b'[1699840,B]'....
2023-10-06 23:15:16,126.FinalProject.INFO Prepared binary message b'[1699840,3.00]'....
2023-10-06 23:15:21,146.FinalProject.INFO Prepared binary message b'[1699840,C-]'....
2023-10-06 23:15:21,162.FinalProject.INFO Prepared binary message b'[1699840,1.70]'....
2023-10-06 23:15:26,183.FinalProject.INFO Prepared binary message b'[1699840,D+]'....
2023-10-06 23:15:26,198.FinalProject.INFO Prepared binary message b'[1699840,1.30]'....
2023-10-06 23:15:31,229.FinalProject.INFO Prepared binary message b'[1699840,A]'....
2023-10-06 23:15:31,229.FinalProject.INFO Prepared binary message b'[1699840,4.00]'....
2023-10-06 23:15:36,261.FinalProject.INFO Prepared binary message b'[1699840,B]'....
2023-10-06 23:15:36,263.FinalProject.INFO Prepared binary message b'[1699840,3.00]'....
2023-10-06 23:15:41,285.FinalProject.INFO Prepared binary message b'[1699840,A]'....
2023-10-06 23:15:41,296.FinalProject.INFO Prepared binary message b'[1699840,4.00]'....
2023-10-06 23:15:46,333.FinalProject.INFO Prepared binary message b'[1699840,A]'....
2023-10-06 23:15:46,361.FinalProject.INFO Prepared binary message b'[1699840,4.00]'....
2023-10-06 23:15:51,377.FinalProject.INFO Prepared binary message b'[1699840,A-]'....
2023-10-06 23:15:51,405.FinalProject.INFO Prepared binary message b'[1699840,3.70]'....
2023-10-06 23:15:56,422.FinalProject.INFO Prepared binary message b'[1699840,B]'....
2023-10-06 23:15:56,422.FinalProject.INFO Prepared binary message b'[1699840,3.00]'....
2023-10-06 23:16:01,437.FinalProject.INFO Prepared binary message b'[1699840,B+]'....
2023-10-06 23:16:01,444.FinalProject.INFO Prepared binary message b'[1699840,3.30]'....
2023-10-06 23:16:06,457.FinalProject.INFO Prepared binary message b'[1714207,A]'....
2023-10-06 23:16:06,457.FinalProject.INFO Prepared binary message b'[1714207,4.00]'....
2023-10-06 23:16:11,482.FinalProject.INFO Prepared binary message b'[1714207,A]'....
2023-10-06 23:16:11,499.FinalProject.INFO Prepared binary message b'[1714207,4.00]'....
2023-10-06 23:16:16,523.FinalProject.INFO Prepared binary message b'[1714207,A]'....
2023-10-06 23:16:16,557.FinalProject.INFO Prepared binary message b'[1714207,4.00]'....
2023-10-06 23:16:21,590.FinalProject.INFO Prepared binary message b'[1714207,A]'....
2023-10-06 23:16:21,591.FinalProject.INFO Prepared binary message b'[1714207,4.00]'....
2023-10-06 23:16:26,621.FinalProject.INFO Prepared binary message b'[1714207,B]'....
2023-10-06 23:16:26,652.FinalProject.INFO Prepared binary message b'[1714207,3.00]'....
2023-10-06 23:16:31,672.FinalProject.INFO Prepared binary message b'[1714207,A]'....
2023-10-06 23:16:31,694.FinalProject.INFO Prepared binary message b'[1714207,4.00]'....
2023-10-06 23:16:36,754.FinalProject.INFO Prepared binary message b'[1714207,A]'....
2023-10-06 23:16:36,765.FinalProject.INFO Prepared binary message b'[1714207,4.00]'....
2023-10-06 23:16:41,783.FinalProject.INFO Prepared binary message b'[1714207,A]'....
2023-10-06 23:16:41,792.FinalProject.INFO Prepared binary message b'[1714207,4.00]'....
2023-10-06 23:16:46,816.FinalProject.INFO Prepared binary message b'[1714207,A]'....
2023-10-06 23:16:46,847.FinalProject.INFO Prepared binary message b'[1714207,4.00]'....
2023-10-06 23:16:51,865.FinalProject.INFO Prepared binary message b'[1714207,A]'....
2023-10-06 23:16:51,887.FinalProject.INFO Prepared binary message b'[1714207,4.00]'....
2023-10-06 23:16:56,935.FinalProject.INFO Prepared binary message b'[1714207,A]'....
2023-10-06 23:16:56,957.FinalProject.INFO Prepared binary message b'[1714207,4.00]'....
2023-10-06 23:17:01,982.FinalProject.INFO Prepared binary message b'[1715053,IN]'....
2023-10-06 23:17:02,002.FinalProject.INFO Prepared binary message b'[1715053,0.00]'....
2023-10-06 23:17:07,032.FinalProject.INFO Prepared binary message b'[1715053,IN]'....
2023-10-06 23:17:07,043.FinalProject.INFO Prepared binary message b'[1715053,0.00]'....
2023-10-06 23:17:12,069.FinalProject.INFO Prepared binary message b'[1715053,IN]'....
2023-10-06 23:17:12,100.FinalProject.INFO Prepared binary message b'[1715053,0.00]'....
2023-10-06 23:17:17,120.FinalProject.INFO Prepared binary message b'[1715568,B-]'....
2023-10-06 23:17:17,130.FinalProject.INFO Prepared binary message b'[1715568,2.70]'....
2023-10-06 23:17:22,142.FinalProject.INFO Prepared binary message b'[1715568,A-]'....
2023-10-06 23:17:22,167.FinalProject.INFO Prepared binary message b'[1715568,3.70]'....
2023-10-06 23:17:27,193.FinalProject.INFO Prepared binary message b'[1715568,A]'....
2023-10-06 23:17:27,193.FinalProject.INFO Prepared binary message b'[1715568,4.00]'....
2023-10-06 23:17:32,209.FinalProject.INFO Prepared binary message b'[1715568,A]'....
2023-10-06 23:17:32,247.FinalProject.INFO Prepared binary message b'[1715568,4.00]'....
2023-10-06 23:17:37,271.FinalProject.INFO Prepared binary message b'[1715568,A-]'....
2023-10-06 23:17:37,271.FinalProject.INFO Prepared binary message b'[1715568,3.70]'....
2023-10-06 23:17:42,299.FinalProject.INFO Prepared binary message b'[1715568,B]'....
2023-10-06 23:17:42,323.FinalProject.INFO Prepared binary message b'[1715568,3.00]'....
2023-10-06 23:17:47,356.FinalProject.INFO Prepared binary message b'[1715568,A]'....
2023-10-06 23:17:47,372.FinalProject.INFO Prepared binary message b'[1715568,4.00]'....
2023-10-06 23:17:52,400.FinalProject.INFO Prepared binary message b'[1715568,B-]'....
2023-10-06 23:17:52,400.FinalProject.INFO Prepared binary message b'[1715568,2.70]'....
2023-10-06 23:17:57,426.FinalProject.INFO Prepared binary message b'[1715568,B-]'....
2023-10-06 23:17:57,457.FinalProject.INFO Prepared binary message b'[1715568,2.70]'....
2023-10-06 23:18:02,476.FinalProject.INFO Prepared binary message b'[1715568,A]'....
2023-10-06 23:18:02,491.FinalProject.INFO Prepared binary message b'[1715568,4.00]'....
2023-10-06 23:18:07,537.FinalProject.INFO Prepared binary message b'[1715568,A]'....
2023-10-06 23:18:07,559.FinalProject.INFO Prepared binary message b'[1715568,4.00]'....
2023-10-06 23:18:12,573.FinalProject.INFO Prepared binary message b'[1715568,B]'....
2023-10-06 23:18:12,583.FinalProject.INFO Prepared binary message b'[1715568,3.00]'....
2023-10-06 23:18:17,594.FinalProject.INFO Prepared binary message b'[1715578,B+]'....
2023-10-06 23:18:17,610.FinalProject.INFO Prepared binary message b'[1715578,3.30]'....
2023-10-06 23:18:22,639.FinalProject.INFO Prepared binary message b'[1715578,IN]'....
2023-10-06 23:18:22,639.FinalProject.INFO Prepared binary message b'[1715578,0.00]'....
2023-10-06 23:18:27,660.FinalProject.INFO Prepared binary message b'[1715578,B]'....
2023-10-06 23:18:27,675.FinalProject.INFO Prepared binary message b'[1715578,3.00]'....
2023-10-06 23:18:32,678.FinalProject.INFO Prepared binary message b'[1715578,A-]'....
2023-10-06 23:18:32,689.FinalProject.INFO Prepared binary message b'[1715578,3.70]'....
2023-10-06 23:18:37,700.FinalProject.INFO Prepared binary message b'[1715578,B]'....
2023-10-06 23:18:37,727.FinalProject.INFO Prepared binary message b'[1715578,3.00]'....
2023-10-06 23:18:42,766.FinalProject.INFO Prepared binary message b'[1715578,A]'....
2023-10-06 23:18:42,798.FinalProject.INFO Prepared binary message b'[1715578,4.00]'....
2023-10-06 23:18:47,831.FinalProject.INFO Prepared binary message b'[1715578,A]'....
2023-10-06 23:18:47,853.FinalProject.INFO Prepared binary message b'[1715578,4.00]'....
2023-10-06 23:18:52,877.FinalProject.INFO Prepared binary message b'[1715578,B-]'....
2023-10-06 23:18:52,908.FinalProject.INFO Prepared binary message b'[1715578,2.70]'....
2023-10-06 23:18:57,945.FinalProject.INFO Prepared binary message b'[1715578,A]'....
2023-10-06 23:18:57,957.FinalProject.INFO Prepared binary message b'[1715578,4.00]'....
2023-10-06 23:19:02,983.FinalProject.INFO Prepared binary message b'[1715631,B]'....
2023-10-06 23:19:02,999.FinalProject.INFO Prepared binary message b'[1715631,3.00]'....
2023-10-06 23:19:08,005.FinalProject.INFO Prepared binary message b'[1715631,A-]'....
2023-10-06 23:19:08,005.FinalProject.INFO Prepared binary message b'[1715631,3.70]'....
2023-10-06 23:19:13,040.FinalProject.INFO Prepared binary message b'[1715631,B-]'....
2023-10-06 23:19:13,062.FinalProject.INFO Prepared binary message b'[1715631,2.70]'....
2023-10-06 23:19:18,087.FinalProject.INFO Prepared binary message b'[1715631,B+]'....
2023-10-06 23:19:18,087.FinalProject.INFO Prepared binary message b'[1715631,3.30]'....
2023-10-06 23:19:23,105.FinalProject.INFO Prepared binary message b'[1715631,C]'....
2023-10-06 23:19:23,107.FinalProject.INFO Prepared binary message b'[1715631,2.00]'....
2023-10-06 23:19:28,138.FinalProject.INFO Prepared binary message b'[1715631,B-]'....
2023-10-06 23:19:28,149.FinalProject.INFO Prepared binary message b'[1715631,2.70]'....
2023-10-06 23:19:33,176.FinalProject.INFO Prepared binary message b'[1715631,D]'....
2023-10-06 23:19:33,203.FinalProject.INFO Prepared binary message b'[1715631,1.00]'....
2023-10-06 23:19:38,247.FinalProject.INFO Prepared binary message b'[1715631,C-]'....
2023-10-06 23:19:38,247.FinalProject.INFO Prepared binary message b'[1715631,1.70]'....
2023-10-06 23:19:43,270.FinalProject.INFO Prepared binary message b'[1715631,C-]'....
2023-10-06 23:19:43,292.FinalProject.INFO Prepared binary message b'[1715631,1.70]'....
2023-10-06 23:19:48,337.FinalProject.INFO Prepared binary message b'[1715631,C+]'....
2023-10-06 23:19:48,339.FinalProject.INFO Prepared binary message b'[1715631,2.30]'....
2023-10-06 23:19:53,379.FinalProject.INFO Prepared binary message b'[1715631,A]'....
2023-10-06 23:19:53,392.FinalProject.INFO Prepared binary message b'[1715631,4.00]'....
2023-10-06 23:19:58,406.FinalProject.INFO Prepared binary message b'[1715631,C-]'....
2023-10-06 23:19:58,422.FinalProject.INFO Prepared binary message b'[1715631,1.70]'....
2023-10-06 23:20:03,451.FinalProject.INFO Prepared binary message b'[1715631,C-]'....
2023-10-06 23:20:03,467.FinalProject.INFO Prepared binary message b'[1715631,1.70]'....
2023-10-06 23:20:08,492.FinalProject.INFO Prepared binary message b'[1716043,A]'....
2023-10-06 23:20:08,492.FinalProject.INFO Prepared binary message b'[1716043,4.00]'....
2023-10-06 23:20:13,518.FinalProject.INFO Prepared binary message b'[1716043,A]'....
2023-10-06 23:20:13,528.FinalProject.INFO Prepared binary message b'[1716043,4.00]'....
2023-10-06 23:20:18,539.FinalProject.INFO Prepared binary message b'[1716296,B]'....
2023-10-06 23:20:18,539.FinalProject.INFO Prepared binary message b'[1716296,3.00]'....
2023-10-06 23:20:23,564.FinalProject.INFO Prepared binary message b'[1716296,A-]'....
2023-10-06 23:20:23,581.FinalProject.INFO Prepared binary message b'[1716296,3.70]'....
2023-10-06 23:20:28,630.FinalProject.INFO Prepared binary message b'[1716296,B]'....
2023-10-06 23:20:28,646.FinalProject.INFO Prepared binary message b'[1716296,3.00]'....
2023-10-06 23:20:33,678.FinalProject.INFO Prepared binary message b'[1716296,C]'....
2023-10-06 23:20:33,688.FinalProject.INFO Prepared binary message b'[1716296,2.00]'....
2023-10-06 23:20:38,711.FinalProject.INFO Prepared binary message b'[1716430,B-]'....
2023-10-06 23:20:38,712.FinalProject.INFO Prepared binary message b'[1716430,2.70]'....
2023-10-06 23:20:43,741.FinalProject.INFO Prepared binary message b'[1716430,A-]'....
2023-10-06 23:20:43,762.FinalProject.INFO Prepared binary message b'[1716430,3.70]'....
2023-10-06 23:20:48,808.FinalProject.INFO Prepared binary message b'[1716430,B-]'....
2023-10-06 23:20:48,846.FinalProject.INFO Prepared binary message b'[1716430,2.70]'....
2023-10-06 23:20:53,867.FinalProject.INFO Prepared binary message b'[1716430,C-]'....
2023-10-06 23:20:53,867.FinalProject.INFO Prepared binary message b'[1716430,1.70]'....
2023-10-06 23:20:58,901.FinalProject.INFO Prepared binary message b'[1716430,D-]'....
2023-10-06 23:20:58,901.FinalProject.INFO Prepared binary message b'[1716430,0.70]'....
2023-10-06 23:21:03,925.FinalProject.INFO Prepared binary message b'[1716430,A-]'....
2023-10-06 23:21:03,963.FinalProject.INFO Prepared binary message b'[1716430,3.70]'....
2023-10-06 23:21:08,998.FinalProject.INFO Prepared binary message b'[1716430,C-]'....
2023-10-06 23:21:08,998.FinalProject.INFO Prepared binary message b'[1716430,1.70]'....
2023-10-06 23:21:14,040.FinalProject.INFO Prepared binary message b'[1716430,D]'....
2023-10-06 23:21:14,074.FinalProject.INFO Prepared binary message b'[1716430,1.00]'....
2023-10-06 23:21:19,098.FinalProject.INFO Prepared binary message b'[1716523,A]'....
2023-10-06 23:21:19,108.FinalProject.INFO Prepared binary message b'[1716523,4.00]'....
2023-10-06 23:21:24,119.FinalProject.INFO Prepared binary message b'[1716523,B+]'....
2023-10-06 23:21:24,138.FinalProject.INFO Prepared binary message b'[1716523,3.30]'....
2023-10-06 23:21:29,187.FinalProject.INFO Prepared binary message b'[1716523,A]'....
2023-10-06 23:21:29,219.FinalProject.INFO Prepared binary message b'[1716523,4.00]'....
2023-10-06 23:21:34,248.FinalProject.INFO Prepared binary message b'[1716523,A]'....
2023-10-06 23:21:34,280.FinalProject.INFO Prepared binary message b'[1716523,4.00]'....
2023-10-06 23:21:39,318.FinalProject.INFO Prepared binary message b'[1716523,A]'....
2023-10-06 23:21:39,326.FinalProject.INFO Prepared binary message b'[1716523,4.00]'....
2023-10-06 23:21:44,345.FinalProject.INFO Prepared binary message b'[1716523,B-]'....
2023-10-06 23:21:44,351.FinalProject.INFO Prepared binary message b'[1716523,2.70]'....
2023-10-06 23:21:49,378.FinalProject.INFO Prepared binary message b'[1716523,B+]'....
2023-10-06 23:21:49,378.FinalProject.INFO Prepared binary message b'[1716523,3.30]'....
2023-10-06 23:21:54,396.FinalProject.INFO Prepared binary message b'[1716523,A]'....
2023-10-06 23:21:54,396.FinalProject.INFO Prepared binary message b'[1716523,4.00]'....
2023-10-06 23:21:59,424.FinalProject.INFO Prepared binary message b'[1716523,B-]'....
2023-10-06 23:21:59,457.FinalProject.INFO Prepared binary message b'[1716523,2.70]'....
2023-10-06 23:22:04,479.FinalProject.INFO Prepared binary message b'[1716523,A-]'....
2023-10-06 23:22:04,489.FinalProject.INFO Prepared binary message b'[1716523,3.70]'....
2023-10-06 23:22:09,500.FinalProject.INFO Prepared binary message b'[1716523,B+]'....
2023-10-06 23:22:09,513.FinalProject.INFO Prepared binary message b'[1716523,3.30]'....
2023-10-06 23:22:14,524.FinalProject.INFO Prepared binary message b'[1716523,B]'....
2023-10-06 23:22:14,540.FinalProject.INFO Prepared binary message b'[1716523,3.00]'....
2023-10-06 23:22:19,570.FinalProject.INFO Prepared binary message b'[1716523,A-]'....
2023-10-06 23:22:19,577.FinalProject.INFO Prepared binary message b'[1716523,3.70]'....
2023-10-06 23:22:24,602.FinalProject.INFO Prepared binary message b'[1716598,B]'....
2023-10-06 23:22:24,614.FinalProject.INFO Prepared binary message b'[1716598,3.00]'....
2023-10-06 23:22:29,632.FinalProject.INFO Prepared binary message b'[1716598,C]'....
2023-10-06 23:22:29,650.FinalProject.INFO Prepared binary message b'[1716598,2.00]'....
2023-10-06 23:22:34,691.FinalProject.INFO Prepared binary message b'[1716598,B+]'....
2023-10-06 23:22:34,699.FinalProject.INFO Prepared binary message b'[1716598,3.30]'....
2023-10-06 23:22:39,712.FinalProject.INFO Prepared binary message b'[1716598,B]'....
2023-10-06 23:22:39,712.FinalProject.INFO Prepared binary message b'[1716598,3.00]'....
2023-10-06 23:22:44,739.FinalProject.INFO Prepared binary message b'[1716598,B]'....
2023-10-06 23:22:44,766.FinalProject.INFO Prepared binary message b'[1716598,3.00]'....
2023-10-06 23:22:49,790.FinalProject.INFO Prepared binary message b'[1716598,C+]'....
2023-10-06 23:22:49,792.FinalProject.INFO Prepared binary message b'[1716598,2.30]'....
2023-10-06 23:22:54,807.FinalProject.INFO Prepared binary message b'[1716598,A]'....
2023-10-06 23:22:54,838.FinalProject.INFO Prepared binary message b'[1716598,4.00]'....
2023-10-06 23:22:59,867.FinalProject.INFO Prepared binary message b'[1716598,A]'....
2023-10-06 23:22:59,900.FinalProject.INFO Prepared binary message b'[1716598,4.00]'....
2023-10-06 23:23:04,942.FinalProject.INFO Prepared binary message b'[1716598,B+]'....
2023-10-06 23:23:04,942.FinalProject.INFO Prepared binary message b'[1716598,3.30]'....
2023-10-06 23:23:09,958.FinalProject.INFO Prepared binary message b'[1716598,A]'....
2023-10-06 23:23:09,958.FinalProject.INFO Prepared binary message b'[1716598,4.00]'....
2023-10-06 23:23:14,989.FinalProject.INFO Prepared binary message b'[1716634,C-]'....
2023-10-06 23:23:14,999.FinalProject.INFO Prepared binary message b'[1716634,1.70]'....
2023-10-06 23:23:20,003.FinalProject.INFO Prepared binary message b'[1716634,C]'....
2023-10-06 23:23:20,025.FinalProject.INFO Prepared binary message b'[1716634,2.00]'....
2023-10-06 23:23:25,064.FinalProject.INFO Prepared binary message b'[1716634,D-]'....
2023-10-06 23:23:25,092.FinalProject.INFO Prepared binary message b'[1716634,0.70]'....
2023-10-06 23:23:30,123.FinalProject.INFO Prepared binary message b'[1716634,C+]'....
2023-10-06 23:23:30,154.FinalProject.INFO Prepared binary message b'[1716634,2.30]'....
2023-10-06 23:23:35,181.FinalProject.INFO Prepared binary message b'[1716634,D]'....
2023-10-06 23:23:35,192.FinalProject.INFO Prepared binary message b'[1716634,1.00]'....
2023-10-06 23:23:40,264.FinalProject.INFO Prepared binary message b'[1716634,F]'....
2023-10-06 23:23:40,292.FinalProject.INFO Prepared binary message b'[1716634,0.00]'....
2023-10-06 23:23:45,316.FinalProject.INFO Prepared binary message b'[1716634,A]'....
2023-10-06 23:23:45,316.FinalProject.INFO Prepared binary message b'[1716634,4.00]'....
2023-10-06 23:23:50,339.FinalProject.INFO Prepared binary message b'[1716634,F]'....
2023-10-06 23:23:50,339.FinalProject.INFO Prepared binary message b'[1716634,0.00]'....
2023-10-06 23:23:55,361.FinalProject.INFO Prepared binary message b'[1716634,C+]'....
2023-10-06 23:23:55,376.FinalProject.INFO Prepared binary message b'[1716634,2.30]'....
2023-10-06 23:24:00,402.FinalProject.INFO Prepared binary message b'[1716634,A]'....
2023-10-06 23:24:00,412.FinalProject.INFO Prepared binary message b'[1716634,4.00]'....
2023-10-06 23:24:05,422.FinalProject.INFO Prepared binary message b'[1716639,B-]'....
2023-10-06 23:24:05,423.FinalProject.INFO Prepared binary message b'[1716639,2.70]'....
2023-10-06 23:24:10,454.FinalProject.INFO Prepared binary message b'[1716639,A-]'....
2023-10-06 23:24:10,479.FinalProject.INFO Prepared binary message b'[1716639,3.70]'....
2023-10-06 23:24:15,495.FinalProject.INFO Prepared binary message b'[1716639,A-]'....
2023-10-06 23:24:15,530.FinalProject.INFO Prepared binary message b'[1716639,3.70]'....
2023-10-06 23:24:20,569.FinalProject.INFO Prepared binary message b'[1716720,B-]'....
2023-10-06 23:24:20,581.FinalProject.INFO Prepared binary message b'[1716720,2.70]'....
2023-10-06 23:24:25,594.FinalProject.INFO Prepared binary message b'[1716720,A]'....
2023-10-06 23:24:25,610.FinalProject.INFO Prepared binary message b'[1716720,4.00]'....
2023-10-06 23:24:30,618.FinalProject.INFO Prepared binary message b'[1716749,A-]'....
2023-10-06 23:24:30,618.FinalProject.INFO Prepared binary message b'[1716749,3.70]'....
2023-10-06 23:24:35,652.FinalProject.INFO Prepared binary message b'[1716749,C-]'....
2023-10-06 23:24:35,652.FinalProject.INFO Prepared binary message b'[1716749,1.70]'....
2023-10-06 23:24:40,676.FinalProject.INFO Prepared binary message b'[1716749,C+]'....
2023-10-06 23:24:40,687.FinalProject.INFO Prepared binary message b'[1716749,2.30]'....
2023-10-06 23:24:45,697.FinalProject.INFO Prepared binary message b'[1716749,A]'....
2023-10-06 23:24:45,709.FinalProject.INFO Prepared binary message b'[1716749,4.00]'....
2023-10-06 23:24:50,724.FinalProject.INFO Prepared binary message b'[1716749,D+]'....
2023-10-06 23:24:50,724.FinalProject.INFO Prepared binary message b'[1716749,1.30]'....
2023-10-06 23:24:55,740.FinalProject.INFO Prepared binary message b'[1716749,B-]'....
2023-10-06 23:24:55,759.FinalProject.INFO Prepared binary message b'[1716749,2.70]'....
